* using log directory ‘/Users/zhendanzhu/550400/zzhu1110242012/my1rpack.Rcheck’
* using R version 2.15.1 (2012-06-22)
* using platform: x86_64-apple-darwin9.8.0 (64-bit)
* using session charset: UTF-8
* checking for file ‘my1rpack/DESCRIPTION’ ... OK
* checking extension type ... Package
* this is package ‘my1rpack’ version ‘1.0’
* checking package namespace information ... OK
* checking package dependencies ... OK
* checking if this is a source package ... OK
* checking if there is a namespace ... OK
* checking for executable files ... OK
* checking whether package ‘my1rpack’ can be installed ... OK
* checking installed package size ... OK
* checking package directory ... OK
* checking for portable file names ... OK
* checking for sufficient/correct file permissions ... OK
* checking DESCRIPTION meta-information ... OK
* checking top-level files ... OK
* checking index information ... OK
* checking package subdirectories ... OK
* checking R files for non-ASCII characters ... OK
* checking R files for syntax errors ... OK
* checking whether the package can be loaded ... OK
* checking whether the package can be loaded with stated dependencies ... OK
* checking whether the package can be unloaded cleanly ... OK
* checking whether the namespace can be loaded with stated dependencies ... OK
* checking whether the namespace can be unloaded cleanly ... OK
* checking for unstated dependencies in R code ... OK
* checking S3 generic/method consistency ... OK
* checking replacement functions ... OK
* checking foreign function calls ... OK
* checking R code for possible problems ... NOTE
problem1: no visible global function definition for ‘tikz’
* checking Rd files ... NOTE
prepare_Rd: Problem2.Rd:27: Dropping empty section \details
prepare_Rd: problem1.Rd:36-37: Dropping empty section \note
* checking Rd metadata ... OK
* checking Rd cross-references ... OK
* checking for missing documentation entries ... WARNING
Undocumented data sets:
  ‘d’ ‘output’ ‘rawdata’
All user-level objects in a package should have documentation entries.
See the chapter ‘Writing R documentation files’ in the ‘Writing R
Extensions’ manual.
* checking for code/documentation mismatches ... OK
* checking Rd \usage sections ... OK
* checking Rd contents ... OK
* checking for unstated dependencies in examples ... OK
* checking contents of ‘data’ directory ... OK
* checking data for non-ASCII characters ... OK
* checking data for ASCII and uncompressed saves ... OK
* checking examples ... ERROR
Running examples in ‘my1rpack-Ex.R’ failed
The error most likely occurred in:

> ### Name: my1rpackage
> ### Title: My first R package
> ### Aliases: -package
> ### Keywords: package
> 
> ### ** Examples
> 
> require(my1rpack)
> 
> problem1('bmw1series', dnorm, c(-5, 5), 10, TRUE)
Error in problem1("bmw1series", dnorm, c(-5, 5), 10, TRUE) : 
  could not find function "tikz"
Execution halted
